Generated at 2020-08-04 10:31:48 +0000
NoMethodError: undefined method `name' for cookbook: java, recipe: default :Chef::Recipe
/root/chef-repo/.chef/local-mode-cache/cache/cookbooks/java/recipes/default.rb:7:in `from_file'
/opt/chef-workstation/embedded/lib/ruby/gems/2.5.0/gems/chef-14.8.12/lib/chef/mixin/from_file.rb:34:in `instance_eval'
/opt/chef-workstation/embedded/lib/ruby/gems/2.5.0/gems/chef-14.8.12/lib/chef/mixin/from_file.rb:34:in `from_file'
/opt/chef-workstation/embedded/lib/ruby/gems/2.5.0/gems/chef-14.8.12/lib/chef/cookbook_version.rb:199:in `load_recipe'
/opt/chef-workstation/embedded/lib/ruby/gems/2.5.0/gems/chef-14.8.12/lib/chef/run_context.rb:350:in `load_recipe'
/opt/chef-workstation/embedded/lib/ruby/gems/2.5.0/gems/chef-14.8.12/lib/chef/run_context/cookbook_compiler.rb:166:in `block in compile_recipes'
/opt/chef-workstation/embedded/lib/ruby/gems/2.5.0/gems/chef-14.8.12/lib/chef/run_context/cookbook_compiler.rb:163:in `each'
/opt/chef-workstation/embedded/lib/ruby/gems/2.5.0/gems/chef-14.8.12/lib/chef/run_context/cookbook_compiler.rb:163:in `compile_recipes'
/opt/chef-workstation/embedded/lib/ruby/gems/2.5.0/gems/chef-14.8.12/lib/chef/run_context/cookbook_compiler.rb:79:in `compile'
/opt/chef-workstation/embedded/lib/ruby/gems/2.5.0/gems/chef-14.8.12/lib/chef/run_context.rb:199:in `load'
/opt/chef-workstation/embedded/lib/ruby/gems/2.5.0/gems/chef-14.8.12/lib/chef/policy_builder/expand_node_object.rb:97:in `setup_run_context'
/opt/chef-workstation/embedded/lib/ruby/gems/2.5.0/gems/chef-14.8.12/lib/chef/client.rb:515:in `setup_run_context'
/opt/chef-workstation/embedded/lib/ruby/gems/2.5.0/gems/chef-14.8.12/lib/chef/client.rb:281:in `run'
/opt/chef-workstation/embedded/lib/ruby/gems/2.5.0/gems/chef-14.8.12/lib/chef/application.rb:303:in `run_with_graceful_exit_option'
/opt/chef-workstation/embedded/lib/ruby/gems/2.5.0/gems/chef-14.8.12/lib/chef/application.rb:279:in `block in run_chef_client'
/opt/chef-workstation/embedded/lib/ruby/gems/2.5.0/gems/chef-14.8.12/lib/chef/local_mode.rb:44:in `with_server_connectivity'
/opt/chef-workstation/embedded/lib/ruby/gems/2.5.0/gems/chef-14.8.12/lib/chef/application.rb:261:in `run_chef_client'
/opt/chef-workstation/embedded/lib/ruby/gems/2.5.0/gems/chef-14.8.12/lib/chef/application/client.rb:440:in `run_application'
/opt/chef-workstation/embedded/lib/ruby/gems/2.5.0/gems/chef-14.8.12/lib/chef/application.rb:66:in `run'
/opt/chef-workstation/embedded/lib/ruby/gems/2.5.0/gems/chef-14.8.12/bin/chef-client:25:in `<top (required)>'
/usr/bin/chef-client:306:in `load'
/usr/bin/chef-client:306:in `<main>'